<?xml version="1.0" encoding="UTF-8"?>
<!-- Generated by org.testng.reporters.JUnitXMLReporter -->
<testsuite hostname="NISL-TEST4" ignored="0" name="BankingProject" tests="2" failures="1" timestamp="31 Mar 2022 06:39:07 GMT" time="26.047" errors="0">
  <testcase name="login" time="1.729" classname="testcases.LoginTest"/>
  <testcase name="login" time="11.117" classname="testcases.AddCustomerTest">
    <failure type="java.lang.AssertionError" message="expected [true] but found [false]">
      <![CDATA[java.lang.AssertionError: expected [true] but found [false]
at testcases.AddCustomerTest.login(AddCustomerTest.java:65)
... Removed 29 stack frames]]>
    </failure>
  </testcase> <!-- login -->
</testsuite> <!-- BankingProject -->
