<?xml version="1.0" encoding="UTF-8"?>
<!-- Generated by org.testng.reporters.JUnitXMLReporter -->
<testsuite hostname="NISL-TEST4" ignored="0" name="Test" tests="2" failures="0" timestamp="08 Apr 2022 18:16:14 GMT" time="0.225" errors="0">
  <testcase name="@BeforeClass setup" time="0.072" classname="tests.BaseClass">
    <failure type="java.lang.IllegalStateException" message="The driver executable must exist: C:\Users\Testlaptop4\eclipse-workspace\Demoframework\https:\admin-demo.nopcommerce.com\login">
      <![CDATA[java.lang.IllegalStateException: The driver executable must exist: C:\Users\Testlaptop4\eclipse-workspace\Demoframework\https:\admin-demo.nopcommerce.com\login
at org.openqa.selenium.internal.Require$FileStateChecker.isFile(Require.java:342)
at org.openqa.selenium.remote.service.DriverService.checkExecutable(DriverService.java:147)
at org.openqa.selenium.remote.service.DriverService.findExecutable(DriverService.java:142)
at org.openqa.selenium.chrome.ChromeDriverService.access$000(ChromeDriverService.java:38)
at org.openqa.selenium.chrome.ChromeDriverService$Builder.findDefaultExecutable(ChromeDriverService.java:231)
at org.openqa.selenium.remote.service.DriverService$Builder.build(DriverService.java:437)
at org.openqa.selenium.chrome.ChromeDriverService.createDefaultService(ChromeDriverService.java:127)
at org.openqa.selenium.chrome.ChromeDriver.<init>(ChromeDriver.java:48)
at tests.BaseClass.setup(BaseClass.java:41)
... Removed 26 stack frames]]>
    </failure>
  </testcase> <!-- @BeforeClass setup -->
  <testcase name="@BeforeClass setup" time="0.005" classname="tests.BaseClass">
    <failure type="java.lang.IllegalStateException" message="The driver executable must exist: C:\Users\Testlaptop4\eclipse-workspace\Demoframework\https:\admin-demo.nopcommerce.com\login">
      <![CDATA[java.lang.IllegalStateException: The driver executable must exist: C:\Users\Testlaptop4\eclipse-workspace\Demoframework\https:\admin-demo.nopcommerce.com\login
at org.openqa.selenium.internal.Require$FileStateChecker.isFile(Require.java:342)
at org.openqa.selenium.remote.service.DriverService.checkExecutable(DriverService.java:147)
at org.openqa.selenium.remote.service.DriverService.findExecutable(DriverService.java:142)
at org.openqa.selenium.chrome.ChromeDriverService.access$000(ChromeDriverService.java:38)
at org.openqa.selenium.chrome.ChromeDriverService$Builder.findDefaultExecutable(ChromeDriverService.java:231)
at org.openqa.selenium.remote.service.DriverService$Builder.build(DriverService.java:437)
at org.openqa.selenium.chrome.ChromeDriverService.createDefaultService(ChromeDriverService.java:127)
at org.openqa.selenium.chrome.ChromeDriver.<init>(ChromeDriver.java:48)
at tests.BaseClass.setup(BaseClass.java:41)
... Removed 26 stack frames]]>
    </failure>
  </testcase> <!-- @BeforeClass setup -->
  <testcase name="addcustomer" time="0.0" classname="tests.AddCustomerTest">
    <skipped/>
  </testcase> <!-- addcustomer -->
  <testcase name="logintest" time="0.0" classname="tests.LoginTest">
    <skipped/>
  </testcase> <!-- logintest -->
</testsuite> <!-- Test -->
